  [1m[35m (121.5ms)[0m  [1m[35mCREATE DATABASE "rails_validations_development" ENCODING = 'unicode'[0m
  [1m[35m (39.4ms)[0m  [1m[35mCREATE DATABASE "rails_validations_test" ENCODING = 'unicode'[0m
  [1m[35m (18.2ms)[0m  [1m[35mCREATE TABLE "schema_migrations" ("version" character varying NOT NULL PRIMARY KEY)[0m
  [1m[35m (2.7ms)[0m  [1m[35mCREATE TABLE "ar_internal_metadata" ("key" character varying NOT NULL PRIMARY KEY, "value" character varying, "created_at" timestamp(6) NOT NULL, "updated_at" timestamp(6) NOT NULL)[0m
  [1m[35m (0.1ms)[0m  [1m[34mSELECT pg_try_advisory_lock(978298965310466940)[0m
  [1m[36mActiveRecord::SchemaMigration Load (0.7ms)[0m  [1m[34mSELECT "schema_migrations"."version" FROM "schema_migrations" ORDER BY "schema_migrations"."version" ASC[0m
  [1m[36mActiveRecord::InternalMetadata Load (2.0ms)[0m  [1m[34mSELECT * FROM "ar_internal_metadata" WHERE "ar_internal_metadata"."key" = $1 ORDER BY "ar_internal_metadata"."key" ASC LIMIT 1[0m  [[nil, "environment"]]
  [1m[36mActiveRecord::InternalMetadata Create (1.1ms)[0m  [1m[32mINSERT INTO "ar_internal_metadata" ("key", "value", "created_at", "updated_at") VALUES ('environment', 'development', '2024-01-24 21:38:42.039618', '2024-01-24 21:38:42.039620') RETURNING "key"[0m
Migrating to CreateAccountMsJfs (20240124213741)
  [1m[36mTRANSACTION (0.1ms)[0m  [1m[35mBEGIN[0m
  [1m[35m (5.1ms)[0m  [1m[35mCREATE TABLE "account_ms_jfs" ("id" bigserial primary key, "username" character varying, "password" integer, "email" character varying, "created_at" timestamp(6) NOT NULL, "updated_at" timestamp(6) NOT NULL)[0m
  [1m[36mActiveRecord::SchemaMigration Create (0.3ms)[0m  [1m[32mINSERT INTO "schema_migrations" ("version") VALUES ('20240124213741') RETURNING "version"[0m
  [1m[36mTRANSACTION (0.4ms)[0m  [1m[35mCOMMIT[0m
  [1m[35m (0.3ms)[0m  [1m[34mSELECT pg_advisory_unlock(978298965310466940)[0m
  [1m[36mActiveRecord::SchemaMigration Load (0.1ms)[0m  [1m[34mSELECT "schema_migrations"."version" FROM "schema_migrations" ORDER BY "schema_migrations"."version" ASC[0m
  [1m[35m (1.4ms)[0m  [1m[35mCREATE DATABASE "rails_validations_development" ENCODING = 'unicode'[0m
  [1m[35m (0.3ms)[0m  [1m[35mCREATE DATABASE "rails_validations_test" ENCODING = 'unicode'[0m
Started GET "/" for ::1 at 2024-01-24 14:24:59 -0800
  [1m[36mActiveRecord::SchemaMigration Load (0.8ms)[0m  [1m[34mSELECT "schema_migrations"."version" FROM "schema_migrations" ORDER BY "schema_migrations"."version" ASC[0m
Processing by Rails::WelcomeController#index as HTML
  Rendering /Users/learnacademy/.rvm/gems/ruby-3.2.0/gems/railties-7.1.3/lib/rails/templates/rails/welcome/index.html.erb
  Rendered /Users/learnacademy/.rvm/gems/ruby-3.2.0/gems/railties-7.1.3/lib/rails/templates/rails/welcome/index.html.erb (Duration: 0.4ms | Allocations: 376)
Completed 200 OK in 15ms (Views: 4.8ms | ActiveRecord: 0.0ms | Allocations: 6688)


